2016/07/05 14:58:18 INFO  - jmeter.util.JMeterUtils: Setting Locale to zh_CN 
2016/07/05 14:58:18 INFO  - jmeter.JMeter: Loading user properties from: E:\apache-jmeter\apache-jmeter-2.12\bin\user.properties 
2016/07/05 14:58:18 INFO  - jmeter.JMeter: Loading system properties from: E:\apache-jmeter\apache-jmeter-2.12\bin\system.properties 
2016/07/05 14:58:18 INFO  - jmeter.JMeter: Setting JMeter property: jmeter.save.saveservice.output_format=xml 
2016/07/05 14:58:18 INFO  - jmeter.JMeter: Copyright (c) 1998-2014 The Apache Software Foundation 
2016/07/05 14:58:18 INFO  - jmeter.JMeter: Version 2.12 r1636949 
2016/07/05 14:58:18 INFO  - jmeter.JMeter: java.version=1.7.0_13 
2016/07/05 14:58:18 INFO  - jmeter.JMeter: java.vm.name=Java HotSpot(TM) 64-Bit Server VM 
2016/07/05 14:58:18 INFO  - jmeter.JMeter: os.name=Windows 7 
2016/07/05 14:58:18 INFO  - jmeter.JMeter: os.arch=amd64 
2016/07/05 14:58:18 INFO  - jmeter.JMeter: os.version=6.1 
2016/07/05 14:58:18 INFO  - jmeter.JMeter: file.encoding=GBK 
2016/07/05 14:58:18 INFO  - jmeter.JMeter: Default Locale=中文 (中国) 
2016/07/05 14:58:18 INFO  - jmeter.JMeter: JMeter  Locale=中文 (中国) 
2016/07/05 14:58:18 INFO  - jmeter.JMeter: JMeterHome=E:\apache-jmeter\apache-jmeter-2.12 
2016/07/05 14:58:18 INFO  - jmeter.JMeter: user.dir  =E:\apache-jmeter\apache-jmeter-2.12\bin 
2016/07/05 14:58:18 INFO  - jmeter.JMeter: PWD       =E:\apache-jmeter\apache-jmeter-2.12\bin 
2016/07/05 14:58:18 INFO  - jmeter.JMeter: IP: 192.168.0.126 Name: X6X8-20150706aw FullName: X6X8-20150706aw 
2016/07/05 14:58:18 INFO  - jmeter.services.FileServer: Default base='E:\apache-jmeter\apache-jmeter-2.12\bin' 
2016/07/05 14:58:18 INFO  - jmeter.services.FileServer: Set new base='E:\apache-jmeter\test_case' 
2016/07/05 14:58:18 INFO  - jmeter.JMeter: Loading file: E:\apache-jmeter\test_case\测试服务接口.jmx 
2016/07/05 14:58:18 INFO  - jmeter.save.SaveService: Testplan (JMX) version: 2.2. Testlog (JTL) version: 2.2 
2016/07/05 14:58:18 INFO  - jmeter.save.SaveService: Using SaveService properties file encoding UTF-8 
2016/07/05 14:58:18 INFO  - jmeter.save.SaveService: Using SaveService properties version 2.7 
2016/07/05 14:58:18 INFO  - jmeter.save.SaveService: Using SaveService properties file version 1618048 
2016/07/05 14:58:18 INFO  - jmeter.save.SaveService: All converter versions present and correct 
2016/07/05 14:58:19 INFO  - jmeter.protocol.http.sampler.HTTPSamplerBase: Cannot find .className property for htmlParser, using default 
2016/07/05 14:58:19 INFO  - jmeter.protocol.http.sampler.HTTPSamplerBase: Parser for text/html is  
2016/07/05 14:58:19 INFO  - jmeter.protocol.http.sampler.HTTPSamplerBase: Parser for application/xhtml+xml is  
2016/07/05 14:58:19 INFO  - jmeter.protocol.http.sampler.HTTPSamplerBase: Parser for application/xml is  
2016/07/05 14:58:19 INFO  - jmeter.protocol.http.sampler.HTTPSamplerBase: Parser for text/xml is  
2016/07/05 14:58:19 INFO  - jmeter.protocol.http.sampler.HTTPSamplerBase: Parser for text/vnd.wap.wml is org.apache.jmeter.protocol.http.parser.RegexpHTMLParser 
2016/07/05 14:58:19 INFO  - jmeter.JMeter: Creating summariser <summary> 
2016/07/05 14:58:19 INFO  - jmeter.engine.StandardJMeterEngine: Listeners will be started after enabling running version 
2016/07/05 14:58:19 INFO  - jmeter.engine.StandardJMeterEngine: To revert to the earlier behaviour, define jmeterengine.startlistenerslater=false 
2016/07/05 14:58:19 INFO  - jmeter.engine.StandardJMeterEngine: Running the test! 
2016/07/05 14:58:19 INFO  - jmeter.samplers.SampleEvent: List of sample_variables: [] 
2016/07/05 14:58:19 INFO  - jmeter.samplers.SampleEvent: List of sample_variables: [] 
2016/07/05 14:58:19 INFO  - jmeter.engine.util.CompoundVariable: Note: Function class names must contain the string: '.functions.' 
2016/07/05 14:58:19 INFO  - jmeter.engine.util.CompoundVariable: Note: Function class names must not contain the string: '.gui.' 
2016/07/05 14:58:19 INFO  - jmeter.JMeter: 正在运行的测试 (1467701899346) 
2016/07/05 14:58:19 INFO  - jmeter.engine.StandardJMeterEngine: Starting ThreadGroup: 1 : 测试服务接口 
2016/07/05 14:58:19 INFO  - jmeter.engine.StandardJMeterEngine: Starting 1 threads for group 测试服务接口. 
2016/07/05 14:58:19 INFO  - jmeter.engine.StandardJMeterEngine: Thread will continue on error 
2016/07/05 14:58:19 INFO  - jmeter.threads.ThreadGroup: Starting thread group number 1 threads 1 ramp-up 1 perThread 1000.0 delayedStart=false 
2016/07/05 14:58:19 INFO  - jmeter.threads.JMeterThread: jmeterthread.startearlier=true (see jmeter.properties) 
2016/07/05 14:58:19 INFO  - jmeter.threads.JMeterThread: Running PostProcessors in forward order 
2016/07/05 14:58:19 INFO  - jmeter.threads.ThreadGroup: Started thread group number 1 
2016/07/05 14:58:19 INFO  - jmeter.engine.StandardJMeterEngine: All thread groups have been started 
2016/07/05 14:58:19 INFO  - jmeter.threads.JMeterThread: Thread started: 测试服务接口 1-1 
2016/07/05 14:58:19 INFO  - jmeter.protocol.http.sampler.HTTPHCAbstractImpl: Local host = X6X8-20150706aw 
2016/07/05 14:58:19 INFO  - jmeter.protocol.http.sampler.HTTPHC4Impl: HTTP request retry count = 0 
2016/07/05 14:58:19 INFO  - jmeter.protocol.http.sampler.HTTPHC4Impl: Setting up HTTPS TrustAll scheme 
2016/07/05 14:58:19 INFO  - jmeter.util.JsseSSLManager: Using default SSL protocol: TLS 
2016/07/05 14:58:19 INFO  - jmeter.util.JsseSSLManager: SSL session context: per-thread 
2016/07/05 14:58:20 INFO  - jmeter.samplers.SampleResult: Note: Sample TimeStamps are START times 
2016/07/05 14:58:20 INFO  - jmeter.samplers.SampleResult: sampleresult.default.encoding is set to ISO-8859-1 
2016/07/05 14:58:20 INFO  - jmeter.samplers.SampleResult: sampleresult.useNanoTime=true 
2016/07/05 14:58:20 INFO  - jmeter.samplers.SampleResult: sampleresult.nanoThreadSleep=5000 
2016/07/05 14:58:20 INFO  - jmeter.protocol.http.sampler.HTTPJavaImpl: Maximum connection retries = 10 
2016/07/05 14:58:20 INFO  - jmeter.protocol.http.sampler.HTTPJavaImpl: Error Response Code: 404 
2016/07/05 14:58:20 INFO  - jmeter.threads.JMeterThread: Thread is done: 测试服务接口 1-1 
2016/07/05 14:58:20 INFO  - jmeter.threads.JMeterThread: Thread finished: 测试服务接口 1-1 
2016/07/05 14:58:20 INFO  - jmeter.engine.StandardJMeterEngine: Notifying test listeners of end of test 
2016/07/05 14:58:20 INFO  - jmeter.reporters.Summariser: summary =      8 in     1s =   12.0/s Avg:    77 Min:    30 Max:   239 Err:     1 (12.50%) 
